{"C:\\Users\\thatianne.maruyama\\Documents\\Curso Cypress\\curso-testes-automatizados\\Aula 2\\array.js": {"path":"C:\\Users\\thatianne.maruyama\\Documents\\Curso Cypress\\curso-testes-automatizados\\Aula 2\\array.js","statementMap":{"0":{"start":{"line":9,"column":8},"end":{"line":9,"column":45}},"1":{"start":{"line":10,"column":8},"end":{"line":10,"column":49}},"2":{"start":{"line":11,"column":8},"end":{"line":11,"column":51}},"3":{"start":{"line":20,"column":22},"end":{"line":20,"column":49}},"4":{"start":{"line":21,"column":8},"end":{"line":23,"column":11}},"5":{"start":{"line":22,"column":12},"end":{"line":22,"column":49}},"6":{"start":{"line":33,"column":8},"end":{"line":36,"column":15}},"7":{"start":{"line":34,"column":12},"end":{"line":36,"column":15}},"8":{"start":{"line":35,"column":16},"end":{"line":35,"column":66}},"9":{"start":{"line":37,"column":8},"end":{"line":38,"column":42}},"10":{"start":{"line":38,"column":12},"end":{"line":38,"column":42}},"11":{"start":{"line":46,"column":19},"end":{"line":46,"column":20}},"12":{"start":{"line":48,"column":8},"end":{"line":53,"column":9}},"13":{"start":{"line":48,"column":21},"end":{"line":48,"column":22}},"14":{"start":{"line":49,"column":12},"end":{"line":52,"column":13}},"15":{"start":{"line":50,"column":16},"end":{"line":50,"column":55}},"16":{"start":{"line":51,"column":16},"end":{"line":51,"column":51}},"17":{"start":{"line":54,"column":8},"end":{"line":54,"column":23}},"18":{"start":{"line":62,"column":18},"end":{"line":62,"column":19}},"19":{"start":{"line":63,"column":8},"end":{"line":65,"column":9}},"20":{"start":{"line":63,"column":21},"end":{"line":63,"column":22}},"21":{"start":{"line":64,"column":12},"end":{"line":64,"column":45}},"22":{"start":{"line":66,"column":8},"end":{"line":66,"column":19}},"23":{"start":{"line":73,"column":8},"end":{"line":73,"column":58}},"24":{"start":{"line":81,"column":8},"end":{"line":81,"column":47}},"25":{"start":{"line":87,"column":0},"end":{"line":87,"column":36}}},"fnMap":{"0":{"name":"(anonymous_0)","decl":{"start":{"line":8,"column":4},"end":{"line":8,"column":5}},"loc":{"start":{"line":8,"column":69},"end":{"line":12,"column":5}},"line":8},"1":{"name":"(anonymous_1)","decl":{"start":{"line":19,"column":4},"end":{"line":19,"column":5}},"loc":{"start":{"line":19,"column":29},"end":{"line":24,"column":5}},"line":19},"2":{"name":"(anonymous_2)","decl":{"start":{"line":21,"column":42},"end":{"line":21,"column":43}},"loc":{"start":{"line":21,"column":58},"end":{"line":23,"column":9}},"line":21},"3":{"name":"(anonymous_3)","decl":{"start":{"line":32,"column":4},"end":{"line":32,"column":5}},"loc":{"start":{"line":32,"column":44},"end":{"line":39,"column":5}},"line":32},"4":{"name":"(anonymous_4)","decl":{"start":{"line":34,"column":47},"end":{"line":34,"column":48}},"loc":{"start":{"line":34,"column":56},"end":{"line":36,"column":13}},"line":34},"5":{"name":"(anonymous_5)","decl":{"start":{"line":45,"column":4},"end":{"line":45,"column":5}},"loc":{"start":{"line":45,"column":22},"end":{"line":55,"column":5}},"line":45},"6":{"name":"(anonymous_6)","decl":{"start":{"line":61,"column":4},"end":{"line":61,"column":5}},"loc":{"start":{"line":61,"column":10},"end":{"line":67,"column":5}},"line":61},"7":{"name":"(anonymous_7)","decl":{"start":{"line":72,"column":4},"end":{"line":72,"column":5}},"loc":{"start":{"line":72,"column":10},"end":{"line":74,"column":5}},"line":72},"8":{"name":"(anonymous_8)","decl":{"start":{"line":80,"column":5},"end":{"line":80,"column":6}},"loc":{"start":{"line":80,"column":19},"end":{"line":82,"column":5}},"line":80}},"branchMap":{"0":{"loc":{"start":{"line":33,"column":8},"end":{"line":36,"column":15}},"type":"if","locations":[{"start":{"line":33,"column":8},"end":{"line":36,"column":15}},{"start":{},"end":{}}],"line":33},"1":{"loc":{"start":{"line":35,"column":23},"end":{"line":35,"column":65}},"type":"binary-expr","locations":[{"start":{"line":35,"column":24},"end":{"line":35,"column":42}},{"start":{"line":35,"column":47},"end":{"line":35,"column":65}}],"line":35},"2":{"loc":{"start":{"line":37,"column":8},"end":{"line":38,"column":42}},"type":"if","locations":[{"start":{"line":37,"column":8},"end":{"line":38,"column":42}},{"start":{},"end":{}}],"line":37},"3":{"loc":{"start":{"line":49,"column":12},"end":{"line":52,"column":13}},"type":"if","locations":[{"start":{"line":49,"column":12},"end":{"line":52,"column":13}},{"start":{},"end":{}}],"line":49}},"s":{"0":2,"1":2,"2":2,"3":2,"4":2,"5":6,"6":2,"7":1,"8":3,"9":1,"10":1,"11":1,"12":1,"13":1,"14":3,"15":3,"16":3,"17":1,"18":0,"19":0,"20":0,"21":0,"22":0,"23":2,"24":0,"25":1},"f":{"0":2,"1":2,"2":6,"3":2,"4":3,"5":1,"6":0,"7":2,"8":0},"b":{"0":[1,1],"1":[3,1],"2":[1,0],"3":[3,0]},"_coverageSchema":"1a1c01bbd47fc00a2c39e90264f33305004495a9","hash":"73e6c7510b1e0dad1ffd3f910c42c76f2647ee88"}
,"C:\\Users\\thatianne.maruyama\\Documents\\Curso Cypress\\curso-testes-automatizados\\Aula 2\\atividade1.js": {"path":"C:\\Users\\thatianne.maruyama\\Documents\\Curso Cypress\\curso-testes-automatizados\\Aula 2\\atividade1.js","statementMap":{"0":{"start":{"line":8,"column":8},"end":{"line":8,"column":29}},"1":{"start":{"line":17,"column":22},"end":{"line":17,"column":44}},"2":{"start":{"line":19,"column":8},"end":{"line":23,"column":9}},"3":{"start":{"line":20,"column":12},"end":{"line":22,"column":13}},"4":{"start":{"line":21,"column":16},"end":{"line":21,"column":32}},"5":{"start":{"line":33,"column":22},"end":{"line":33,"column":44}},"6":{"start":{"line":35,"column":8},"end":{"line":39,"column":9}},"7":{"start":{"line":36,"column":12},"end":{"line":38,"column":13}},"8":{"start":{"line":37,"column":16},"end":{"line":37,"column":32}},"9":{"start":{"line":49,"column":22},"end":{"line":49,"column":44}},"10":{"start":{"line":51,"column":8},"end":{"line":58,"column":9}},"11":{"start":{"line":52,"column":12},"end":{"line":54,"column":13}},"12":{"start":{"line":53,"column":16},"end":{"line":53,"column":27}},"13":{"start":{"line":55,"column":12},"end":{"line":57,"column":13}},"14":{"start":{"line":56,"column":16},"end":{"line":56,"column":23}},"15":{"start":{"line":59,"column":22},"end":{"line":59,"column":36}},"16":{"start":{"line":60,"column":8},"end":{"line":60,"column":28}},"17":{"start":{"line":72,"column":8},"end":{"line":72,"column":50}},"18":{"start":{"line":72,"column":38},"end":{"line":72,"column":48}},"19":{"start":{"line":73,"column":8},"end":{"line":73,"column":111}},"20":{"start":{"line":86,"column":26},"end":{"line":86,"column":40}},"21":{"start":{"line":87,"column":29},"end":{"line":87,"column":59}},"22":{"start":{"line":88,"column":8},"end":{"line":88,"column":81}},"23":{"start":{"line":93,"column":0},"end":{"line":93,"column":37}}},"fnMap":{"0":{"name":"(anonymous_0)","decl":{"start":{"line":7,"column":4},"end":{"line":7,"column":5}},"loc":{"start":{"line":7,"column":24},"end":{"line":9,"column":5}},"line":7},"1":{"name":"(anonymous_1)","decl":{"start":{"line":16,"column":4},"end":{"line":16,"column":5}},"loc":{"start":{"line":16,"column":27},"end":{"line":24,"column":5}},"line":16},"2":{"name":"(anonymous_2)","decl":{"start":{"line":32,"column":4},"end":{"line":32,"column":5}},"loc":{"start":{"line":32,"column":26},"end":{"line":40,"column":5}},"line":32},"3":{"name":"(anonymous_3)","decl":{"start":{"line":48,"column":4},"end":{"line":48,"column":5}},"loc":{"start":{"line":48,"column":46},"end":{"line":61,"column":5}},"line":48},"4":{"name":"(anonymous_4)","decl":{"start":{"line":71,"column":4},"end":{"line":71,"column":5}},"loc":{"start":{"line":71,"column":16},"end":{"line":74,"column":5}},"line":71},"5":{"name":"(anonymous_5)","decl":{"start":{"line":85,"column":4},"end":{"line":85,"column":5}},"loc":{"start":{"line":85,"column":20},"end":{"line":89,"column":5}},"line":85}},"branchMap":{"0":{"loc":{"start":{"line":20,"column":12},"end":{"line":22,"column":13}},"type":"if","locations":[{"start":{"line":20,"column":12},"end":{"line":22,"column":13}},{"start":{},"end":{}}],"line":20},"1":{"loc":{"start":{"line":36,"column":12},"end":{"line":38,"column":13}},"type":"if","locations":[{"start":{"line":36,"column":12},"end":{"line":38,"column":13}},{"start":{},"end":{}}],"line":36},"2":{"loc":{"start":{"line":52,"column":12},"end":{"line":54,"column":13}},"type":"if","locations":[{"start":{"line":52,"column":12},"end":{"line":54,"column":13}},{"start":{},"end":{}}],"line":52},"3":{"loc":{"start":{"line":55,"column":12},"end":{"line":57,"column":13}},"type":"if","locations":[{"start":{"line":55,"column":12},"end":{"line":57,"column":13}},{"start":{},"end":{}}],"line":55},"4":{"loc":{"start":{"line":72,"column":8},"end":{"line":72,"column":50}},"type":"if","locations":[{"start":{"line":72,"column":8},"end":{"line":72,"column":50}},{"start":{},"end":{}}],"line":72}},"s":{"0":2,"1":1,"2":1,"3":4,"4":1,"5":1,"6":1,"7":5,"8":1,"9":1,"10":1,"11":5,"12":1,"13":5,"14":1,"15":1,"16":1,"17":0,"18":0,"19":0,"20":0,"21":0,"22":0,"23":1},"f":{"0":2,"1":1,"2":1,"3":1,"4":0,"5":0},"b":{"0":[1,3],"1":[1,4],"2":[1,4],"3":[1,4],"4":[0,0]},"_coverageSchema":"1a1c01bbd47fc00a2c39e90264f33305004495a9","hash":"0367e4a7c6e255761bf5964d9067df4d397e5471"}
,"C:\\Users\\thatianne.maruyama\\Documents\\Curso Cypress\\curso-testes-automatizados\\Aula 2\\developers.js": {"path":"C:\\Users\\thatianne.maruyama\\Documents\\Curso Cypress\\curso-testes-automatizados\\Aula 2\\developers.js","statementMap":{"0":{"start":{"line":1,"column":27},"end":{"line":1,"column":45}},"1":{"start":{"line":11,"column":8},"end":{"line":11,"column":29}},"2":{"start":{"line":12,"column":8},"end":{"line":12,"column":27}},"3":{"start":{"line":13,"column":8},"end":{"line":13,"column":25}},"4":{"start":{"line":15,"column":8},"end":{"line":15,"column":66}},"5":{"start":{"line":24,"column":9},"end":{"line":24,"column":48}},"6":{"start":{"line":28,"column":0},"end":{"line":28,"column":28}}},"fnMap":{"0":{"name":"(anonymous_0)","decl":{"start":{"line":10,"column":5},"end":{"line":10,"column":6}},"loc":{"start":{"line":10,"column":38},"end":{"line":16,"column":6}},"line":10},"1":{"name":"(anonymous_1)","decl":{"start":{"line":23,"column":5},"end":{"line":23,"column":6}},"loc":{"start":{"line":23,"column":21},"end":{"line":25,"column":6}},"line":23}},"branchMap":{},"s":{"0":1,"1":2,"2":2,"3":2,"4":2,"5":1,"6":1},"f":{"0":2,"1":1},"b":{},"_coverageSchema":"1a1c01bbd47fc00a2c39e90264f33305004495a9","hash":"9d826d1da33cf316cda20832257b62dd5ba69373"}
}
