TN:
SF:Aula 2\array.js
FN:8,(anonymous_0)
FN:19,(anonymous_1)
FN:21,(anonymous_2)
FN:32,(anonymous_3)
FN:34,(anonymous_4)
FN:45,(anonymous_5)
FN:61,(anonymous_6)
FN:72,(anonymous_7)
FN:80,(anonymous_8)
FNF:9
FNH:7
FNDA:2,(anonymous_0)
FNDA:2,(anonymous_1)
FNDA:6,(anonymous_2)
FNDA:2,(anonymous_3)
FNDA:3,(anonymous_4)
FNDA:1,(anonymous_5)
FNDA:0,(anonymous_6)
FNDA:2,(anonymous_7)
FNDA:0,(anonymous_8)
DA:9,2
DA:10,2
DA:11,2
DA:20,2
DA:21,2
DA:22,6
DA:33,2
DA:34,1
DA:35,3
DA:37,1
DA:38,1
DA:46,1
DA:48,1
DA:49,3
DA:50,3
DA:51,3
DA:54,1
DA:62,0
DA:63,0
DA:64,0
DA:66,0
DA:73,2
DA:81,0
DA:87,1
LF:24
LH:19
BRDA:33,0,0,1
BRDA:33,0,1,1
BRDA:35,1,0,3
BRDA:35,1,1,1
BRDA:37,2,0,1
BRDA:37,2,1,0
BRDA:49,3,0,3
BRDA:49,3,1,0
BRF:8
BRH:6
end_of_record
TN:
SF:Aula 2\atividade1.js
FN:7,(anonymous_0)
FN:16,(anonymous_1)
FN:32,(anonymous_2)
FN:48,(anonymous_3)
FN:71,(anonymous_4)
FN:85,(anonymous_5)
FNF:6
FNH:4
FNDA:2,(anonymous_0)
FNDA:1,(anonymous_1)
FNDA:1,(anonymous_2)
FNDA:1,(anonymous_3)
FNDA:0,(anonymous_4)
FNDA:0,(anonymous_5)
DA:8,2
DA:17,1
DA:19,1
DA:20,4
DA:21,1
DA:33,1
DA:35,1
DA:36,5
DA:37,1
DA:49,1
DA:51,1
DA:52,5
DA:53,1
DA:55,5
DA:56,1
DA:59,1
DA:60,1
DA:72,0
DA:73,0
DA:86,0
DA:87,0
DA:88,0
DA:93,1
LF:23
LH:18
BRDA:20,0,0,1
BRDA:20,0,1,3
BRDA:36,1,0,1
BRDA:36,1,1,4
BRDA:52,2,0,1
BRDA:52,2,1,4
BRDA:55,3,0,1
BRDA:55,3,1,4
BRDA:72,4,0,0
BRDA:72,4,1,0
BRF:10
BRH:8
end_of_record
TN:
SF:Aula 2\developers.js
FN:10,(anonymous_0)
FN:23,(anonymous_1)
FNF:2
FNH:2
FNDA:2,(anonymous_0)
FNDA:1,(anonymous_1)
DA:1,1
DA:11,2
DA:12,2
DA:13,2
DA:15,2
DA:24,1
DA:28,1
LF:7
LH:7
BRF:0
BRH:0
end_of_record
